[2012-05-31 18:44:03] (INFO @ /index.php) Removed Userrole instance with primary key Array
(
    [0] => 1
    [1] => 1
)

[2012-05-31 18:44:31] (ERROR @ /index.php) Error 23000 executing statement:
INSERT INTO `kpro_userrole` (`userId`, `ugroup`) VALUES (3, 2)
Array
(
    [0] => 23000
    [1] => 1062
    [2] => Duplicate entry '3-2' for key 'PRIMARY'
)

[2012-05-31 18:44:31] (ERROR @ /index.php) Error 23000 executing statement:
INSERT INTO `kpro_userrole` (`userId`, `ugroup`) VALUES (3, 2)
Array
(
    [0] => 23000
    [1] => 1062
    [2] => Duplicate entry '3-2' for key 'PRIMARY'
)

[2012-05-31 18:44:40] (ERROR @ /index.php) Error 23000 executing statement:
INSERT INTO `kpro_userrole` (`userId`, `ugroup`) VALUES (3, 1)
Array
(
    [0] => 23000
    [1] => 1062
    [2] => Duplicate entry '3-1' for key 'PRIMARY'
)

[2012-05-31 18:44:40] (ERROR @ /index.php) Error 23000 executing statement:
INSERT INTO `kpro_userrole` (`userId`, `ugroup`) VALUES (3, 1)
Array
(
    [0] => 23000
    [1] => 1062
    [2] => Duplicate entry '3-1' for key 'PRIMARY'
)

[2012-05-31 18:45:11] (INFO @ /index.php) Removed Userrole instance with primary key Array
(
    [0] => 3
    [1] => 1
)

[2012-05-31 18:45:11] (INFO @ /index.php) Removed Userrole instance with primary key Array
(
    [0] => 3
    [1] => 2
)

[2012-05-31 18:45:14] (INFO @ /index.php) Removed Userrole instance with primary key Array
(
    [0] => 3
    [1] => 2
)

[2012-05-31 18:45:26] (INFO @ /index.php) Removed Userrole instance with primary key Array
(
    [0] => 3
    [1] => 1
)

[2012-05-31 18:45:26] (INFO @ /index.php) Removed Userrole instance with primary key Array
(
    [0] => 3
    [1] => 2
)

[2012-05-31 18:45:26] (INFO @ /index.php) Removed User instance with primary key 3
