[2012-06-01 09:13:05] (INFO @ /index.php) Removed Userrole instance with primary key Array
(
    [0] => 3
    [1] => 1
)

[2012-06-01 09:13:05] (INFO @ /index.php) Removed Userrole instance with primary key Array
(
    [0] => 3
    [1] => 2
)

[2012-06-01 09:57:34] (INFO @ /index.php) Removed Userrole instance with primary key Array
(
    [0] => 3
    [1] => 2
)

[2012-06-01 10:30:18] (INFO @ /index.php) Removed Userrole instance with primary key Array
(
    [0] => 3
    [1] => 1
)

[2012-06-01 10:30:18] (INFO @ /index.php) Removed Userrole instance with primary key Array
(
    [0] => 3
    [1] => 2
)

[2012-06-01 10:32:40] (INFO @ /index.php) Removed Userrole instance with primary key Array
(
    [0] => 3
    [1] => 2
)

[2012-06-01 10:32:48] (INFO @ /index.php) Removed Userrole instance with primary key Array
(
    [0] => 3
    [1] => 1
)

[2012-06-01 10:32:48] (INFO @ /index.php) Removed Userrole instance with primary key Array
(
    [0] => 3
    [1] => 2
)

[2012-06-01 10:32:48] (INFO @ /index.php) Removed User instance with primary key 3
[2012-06-01 10:53:12] (INFO @ /index.php) Removed Userrole instance with primary key Array
(
    [0] => 2
    [1] => 2
)

[2012-06-01 10:53:18] (INFO @ /index.php) Removed Userrole instance with primary key Array
(
    [0] => 2
    [1] => 1
)

[2012-06-01 10:53:18] (INFO @ /index.php) Removed Userrole instance with primary key Array
(
    [0] => 2
    [1] => 2
)

