[2012-05-30 21:17:11] (INFO @ /index.php) Removed Userrole instance with primary key Array
(
    [0] => 3
    [1] => 1
)

[2012-05-30 21:17:11] (INFO @ /index.php) Removed Userrole instance with primary key Array
(
    [0] => 3
    [1] => 2
)

[2012-05-30 21:17:11] (ERROR @ /index.php) Error 42S02 executing statement: 
Array
(
    [0] => 42S02
    [1] => 1146
    [2] => Table '151619.kpro_useronline' doesn't exist
)

[2012-05-30 21:17:11] (INFO @ /index.php) Created table `kpro_useronline`
SQL: CREATE TABLE `kpro_useronline` (`ip` VARCHAR(25) NOT NULL DEFAULT '0', `userId` INT(10) unsigned NOT NULL, `expire` INT(11) NOT NULL DEFAULT '0', `uname` VARCHAR(25) NOT NULL, `invisible` VARCHAR(10) NOT NULL, UNIQUE KEY `kpro_useronline_userId_Idx` (`userId`), INDEX `fk_kpro_useronline_kpro_user2` (`uname`)) ENGINE=MyISAM

[2012-05-30 21:17:11] (INFO @ /index.php) Removed User instance with primary key 3
[2012-05-30 21:17:37] (INFO @ /index.php) Removed Userrole instance with primary key Array
(
    [0] => 7
    [1] => 1
)

[2012-05-30 21:17:37] (INFO @ /index.php) Removed Userrole instance with primary key Array
(
    [0] => 7
    [1] => 2
)

[2012-05-30 21:17:37] (INFO @ /index.php) Removed User instance with primary key 7
[2012-05-30 21:18:00] (INFO @ /index.php) Removed Userrole instance with primary key Array
(
    [0] => 4
    [1] => 1
)

[2012-05-30 21:18:00] (INFO @ /index.php) Removed Userrole instance with primary key Array
(
    [0] => 4
    [1] => 2
)

[2012-05-30 21:18:00] (INFO @ /index.php) Removed User instance with primary key 4
